<?xml version="1.0" encoding="UTF-8"?>
<!-- Generated by org.testng.reporters.JUnitReportReporter -->
<testsuite skipped="0" hostname="HP" name="TestNG.Annotations" tests="1" failures="0" timestamp="06 Apr 2019 05:32:56 GMT" time="0.019" errors="0">
  <testcase name="openCherCherTech" time="0.019" classname="TestNG.Annotations"/>
</testsuite> <!-- TestNG.Annotations -->
